# JRE version: OpenJDK Runtime Environment (8.0_152-b01) (build 1.8.0_152-release-1248-b01)
# Java VM: OpenJDK 64-Bit Server VM (25.152-b01 mixed mode linux-amd64 compressed oops)
Heap:
 PSYoungGen      total 459776K, used 0K [0x00000000e0000000, 0x0000000100000000, 0x0000000100000000)
  eden space 401408K, 0% used [0x00000000e0000000,0x00000000e0000000,0x00000000f8800000)
  from space 58368K, 0% used [0x00000000f8800000,0x00000000f8800000,0x00000000fc100000)
  to   space 64512K, 0% used [0x00000000fc100000,0x00000000fc100000,0x0000000100000000)
 ParOldGen       total 180736K, used 170411K [0x00000000a0000000, 0x00000000ab080000, 0x00000000e0000000)
  object space 180736K, 94% used [0x00000000a0000000,0x00000000aa66aef0,0x00000000ab080000)
 Metaspace       used 92205K, capacity 95412K, committed 96048K, reserved 1132544K
  class space    used 11554K, capacity 12204K, committed 12336K, reserved 1048576K
GC Heap History (10 events):
Event: 1856.720 GC heap after
Heap after GC invocations=30 (full 5):
 PSYoungGen      total 345088K, used 5695K [0x00000000e0000000, 0x00000000fcb80000, 0x0000000100000000)
  eden space 277504K, 0% used [0x00000000e0000000,0x00000000e0000000,0x00000000f0f00000)
  from space 67584K, 8% used [0x00000000f0f00000,0x00000000f148fef0,0x00000000f5100000)
  to   space 65024K, 0% used [0x00000000f8c00000,0x00000000f8c00000,0x00000000fcb80000)
 ParOldGen       total 180736K, used 66101K [0x00000000a0000000, 0x00000000ab080000, 0x00000000e0000000)
  object space 180736K, 36% used [0x00000000a0000000,0x00000000a408d4b0,0x00000000ab080000)
 Metaspace       used 90485K, capacity 93586K, committed 94512K, reserved 1132544K
  class space    used 11488K, capacity 12107K, committed 12336K, reserved 1048576K
}
Event: 1862.558 GC heap before
{Heap before GC invocations=31 (full 5):
 PSYoungGen      total 345088K, used 283199K [0x00000000e0000000, 0x00000000fcb80000, 0x0000000100000000)
  eden space 277504K, 100% used [0x00000000e0000000,0x00000000f0f00000,0x00000000f0f00000)
  from space 67584K, 8% used [0x00000000f0f00000,0x00000000f148fef0,0x00000000f5100000)
  to   space 65024K, 0% used [0x00000000f8c00000,0x00000000f8c00000,0x00000000fcb80000)
 ParOldGen       total 180736K, used 66101K [0x00000000a0000000, 0x00000000ab080000, 0x00000000e0000000)
  object space 180736K, 36% used [0x00000000a0000000,0x00000000a408d4b0,0x00000000ab080000)
 Metaspace       used 90846K, capacity 93962K, committed 94768K, reserved 1132544K
  class space    used 11505K, capacity 12129K, committed 12336K, reserved 1048576K
Event: 1862.578 GC heap after
Heap after GC invocations=31 (full 5):
 PSYoungGen      total 393216K, used 4078K [0x00000000e0000000, 0x00000000fc380000, 0x0000000100000000)
  eden space 336384K, 0% used [0x00000000e0000000,0x00000000e0000000,0x00000000f4880000)
  from space 56832K, 7% used [0x00000000f8c00000,0x00000000f8ffba50,0x00000000fc380000)
  to   space 62976K, 0% used [0x00000000f4880000,0x00000000f4880000,0x00000000f8600000)
 ParOldGen       total 180736K, used 66787K [0x00000000a0000000, 0x00000000ab080000, 0x00000000e0000000)
  object space 180736K, 36% used [0x00000000a0000000,0x00000000a4138f50,0x00000000ab080000)
 Metaspace       used 90846K, capacity 93962K, committed 94768K, reserved 1132544K
  class space    used 11505K, capacity 12129K, committed 12336K, reserved 1048576K
}
Event: 1866.395 GC heap before
{Heap before GC invocations=32 (full 5):
 PSYoungGen      total 393216K, used 340322K [0x00000000e0000000, 0x00000000fc380000, 0x0000000100000000)
  eden space 336384K, 99% used [0x00000000e0000000,0x00000000f485d070,0x00000000f4880000)
  from space 56832K, 7% used [0x00000000f8c00000,0x00000000f8ffba50,0x00000000fc380000)
  to   space 62976K, 0% used [0x00000000f4880000,0x00000000f4880000,0x00000000f8600000)
 ParOldGen       total 180736K, used 66787K [0x00000000a0000000, 0x00000000ab080000, 0x00000000e0000000)
  object space 180736K, 36% used [0x00000000a0000000,0x00000000a4138f50,0x00000000ab080000)
 Metaspace       used 91522K, capacity 94674K, committed 95280K, reserved 1132544K
  class space    used 11529K, capacity 12137K, committed 12336K, reserved 1048576K
Event: 1866.403 GC heap after
Heap after GC invocations=32 (full 5):
 PSYoungGen      total 399360K, used 6584K [0x00000000e0000000, 0x00000000ffe00000, 0x0000000100000000)
  eden space 336384K, 0% used [0x00000000e0000000,0x00000000e0000000,0x00000000f4880000)
  from space 62976K, 10% used [0x00000000f4880000,0x00000000f4eee310,0x00000000f8600000)
  to   space 59904K, 0% used [0x00000000fc380000,0x00000000fc380000,0x00000000ffe00000)
 ParOldGen       total 180736K, used 67335K [0x00000000a0000000, 0x00000000ab080000, 0x00000000e0000000)
  object space 180736K, 37% used [0x00000000a0000000,0x00000000a41c1f80,0x00000000ab080000)
 Metaspace       used 91522K, capacity 94674K, committed 95280K, reserved 1132544K
  class space    used 11529K, capacity 12137K, committed 12336K, reserved 1048576K
}
Event: 1868.003 GC heap before
{Heap before GC invocations=33 (full 5):
 PSYoungGen      total 399360K, used 342968K [0x00000000e0000000, 0x00000000ffe00000, 0x0000000100000000)
  eden space 336384K, 100% used [0x00000000e0000000,0x00000000f4880000,0x00000000f4880000)
  from space 62976K, 10% used [0x00000000f4880000,0x00000000f4eee310,0x00000000f8600000)
  to   space 59904K, 0% used [0x00000000fc380000,0x00000000fc380000,0x00000000ffe00000)
 ParOldGen       total 180736K, used 67335K [0x00000000a0000000, 0x00000000ab080000, 0x00000000e0000000)
  object space 180736K, 37% used [0x00000000a0000000,0x00000000a41c1f80,0x00000000ab080000)
 Metaspace       used 91924K, capacity 95210K, committed 95792K, reserved 1132544K
  class space    used 11551K, capacity 12209K, committed 12336K, reserved 1048576K
Event: 1868.034 GC heap after
Heap after GC invocations=33 (full 5):
 PSYoungGen      total 457216K, used 23782K [0x00000000e0000000, 0x00000000ffa00000, 0x0000000100000000)
  eden space 401408K, 0% used [0x00000000e0000000,0x00000000e0000000,0x00000000f8800000)
  from space 55808K, 42% used [0x00000000fc380000,0x00000000fdab9978,0x00000000ffa00000)
  to   space 58368K, 0% used [0x00000000f8800000,0x00000000f8800000,0x00000000fc100000)
 ParOldGen       total 180736K, used 67799K [0x00000000a0000000, 0x00000000ab080000, 0x00000000e0000000)
  object space 180736K, 37% used [0x00000000a0000000,0x00000000a4235fb0,0x00000000ab080000)
 Metaspace       used 91924K, capacity 95210K, committed 95792K, reserved 1132544K
  class space    used 11551K, capacity 12209K, committed 12336K, reserved 1048576K
}
Event: 1870.659 GC heap before
{Heap before GC invocations=34 (full 5):
 PSYoungGen      total 457216K, used 424444K [0x00000000e0000000, 0x00000000ffa00000, 0x0000000100000000)
  eden space 401408K, 99% used [0x00000000e0000000,0x00000000f8745800,0x00000000f8800000)
  from space 55808K, 42% used [0x00000000fc380000,0x00000000fdab9978,0x00000000ffa00000)
  to   space 58368K, 0% used [0x00000000f8800000,0x00000000f8800000,0x00000000fc100000)
 ParOldGen       total 180736K, used 67799K [0x00000000a0000000, 0x00000000ab080000, 0x00000000e0000000)
  object space 180736K, 37% used [0x00000000a0000000,0x00000000a4235fb0,0x00000000ab080000)
 Metaspace       used 92254K, capacity 95498K, committed 96048K, reserved 1132544K
  class space    used 11558K, capacity 12209K, committed 12336K, reserved 1048576K
Event: 1880.187 GC heap after
Heap after GC invocations=34 (full 5):
 PSYoungGen      total 459776K, used 58359K [0x00000000e0000000, 0x0000000100000000, 0x0000000100000000)
  eden space 401408K, 0% used [0x00000000e0000000,0x00000000e0000000,0x00000000f8800000)
  from space 58368K, 99% used [0x00000000f8800000,0x00000000fc0fdf98,0x00000000fc100000)
  to   space 64512K, 0% used [0x00000000fc100000,0x00000000fc100000,0x0000000100000000)
 ParOldGen       total 180736K, used 134103K [0x00000000a0000000, 0x00000000ab080000, 0x00000000e0000000)
  object space 180736K, 74% used [0x00000000a0000000,0x00000000a82f5c60,0x00000000ab080000)
 Metaspace       used 92254K, capacity 95498K, committed 96048K, reserved 1132544K
  class space    used 11558K, capacity 12209K, committed 12336K, reserved 1048576K
}
Event: 1881.156 GC heap before
{Heap before GC invocations=35 (full 6):
 PSYoungGen      total 459776K, used 58359K [0x00000000e0000000, 0x0000000100000000, 0x0000000100000000)
  eden space 401408K, 0% used [0x00000000e0000000,0x00000000e0000000,0x00000000f8800000)
  from space 58368K, 99% used [0x00000000f8800000,0x00000000fc0fdf98,0x00000000fc100000)
  to   space 64512K, 0% used [0x00000000fc100000,0x00000000fc100000,0x0000000100000000)
 ParOldGen       total 180736K, used 134103K [0x00000000a0000000, 0x00000000ab080000, 0x00000000e0000000)
  object space 180736K, 74% used [0x00000000a0000000,0x00000000a82f5c60,0x00000000ab080000)
 Metaspace       used 92254K, capacity 95498K, committed 96048K, reserved 1132544K
  class space    used 11558K, capacity 12209K, committed 12336K, reserved 1048576K

